c:\users\neto!\desktop\projeto\projeto\release\vc142.pdb
c:\users\neto!\desktop\projeto\projeto\release\memman.obj
c:\users\neto!\desktop\projeto\projeto\release\imgui_widgets.obj
c:\users\neto!\desktop\projeto\projeto\release\imgui_tables.obj
c:\users\neto!\desktop\projeto\projeto\release\imgui_impl_opengl3.obj
c:\users\neto!\desktop\projeto\projeto\release\imgui_impl_glfw.obj
c:\users\neto!\desktop\projeto\projeto\release\imgui_draw.obj
c:\users\neto!\desktop\projeto\projeto\release\imgui_demo.obj
c:\users\neto!\desktop\projeto\projeto\release\imgui.obj
c:\users\neto!\desktop\projeto\projeto\release\imgui_builder.obj
c:\users\neto!\desktop\projeto\projeto\release\main.obj
c:\users\neto!\desktop\projeto\release\projeto.exe
c:\users\neto!\desktop\projeto\projeto\release\projeto.ipdb
c:\users\neto!\desktop\projeto\projeto\release\projeto.iobj
c:\users\neto!\desktop\projeto\release\projeto.pdb
c:\users\neto!\documents\github\project_uc\projeto\release\imgui.obj
c:\users\neto!\documents\github\project_uc\projeto\release\imgui_builder.obj
c:\users\neto!\documents\github\project_uc\projeto\release\imgui_demo.obj
c:\users\neto!\documents\github\project_uc\projeto\release\imgui_draw.obj
c:\users\neto!\documents\github\project_uc\projeto\release\imgui_impl_glfw.obj
c:\users\neto!\documents\github\project_uc\projeto\release\imgui_impl_opengl3.obj
c:\users\neto!\documents\github\project_uc\projeto\release\imgui_tables.obj
c:\users\neto!\documents\github\project_uc\projeto\release\imgui_widgets.obj
c:\users\neto!\documents\github\project_uc\projeto\release\main.obj
c:\users\neto!\documents\github\project_uc\projeto\release\memman.obj
c:\users\neto!\documents\github\project_uc\projeto\release\projeto.ipdb
c:\users\neto!\documents\github\project_uc\projeto\release\projeto.iobj
c:\users\neto!\documents\github\project_uc\projeto\release\vc142.pdb
c:\users\neto!\documents\github\project_uc\projeto\release\projeto.tlog\cl.command.1.tlog
c:\users\neto!\documents\github\project_uc\projeto\release\projeto.tlog\cl.read.1.tlog
c:\users\neto!\documents\github\project_uc\projeto\release\projeto.tlog\cl.write.1.tlog
c:\users\neto!\documents\github\project_uc\projeto\release\projeto.tlog\link.command.1.tlog
c:\users\neto!\documents\github\project_uc\projeto\release\projeto.tlog\link.read.1.tlog
c:\users\neto!\documents\github\project_uc\projeto\release\projeto.tlog\link.write.1.tlog
